<?xml version="1.0" encoding="UTF-8"?>
<!-- Generated by org.testng.reporters.JUnitReportReporter -->
<testsuite skipped="0" hostname="Anuj" name="qackickacademy.HomeLoanTest" tests="2" failures="0" timestamp="2020-01-16T08:58:31 IST" time="0.016" errors="0">
  <testcase name="customerID" time="0.000" classname="qackickacademy.HomeLoanTest"/>
  <system-out/>
  <testcase name="customerInfo" time="0.016" classname="qackickacademy.HomeLoanTest"/>
  <system-out/>
</testsuite> <!-- qackickacademy.HomeLoanTest -->
